c:\users\tomre\documents\opengl_huiswerk\debug\vc142.pdb
c:\users\tomre\documents\opengl_huiswerk\debug\vc142.idb
c:\users\tomre\documents\opengl_huiswerk\debug\main.obj
c:\users\tomre\documents\opengl_huiswerk\debug\les4.obj
c:\users\tomre\documents\opengl_huiswerk\debug\les3.obj
c:\users\tomre\documents\opengl_huiswerk\debug\les2_test.obj
c:\users\tomre\documents\opengl_huiswerk\debug\les2.obj
c:\users\tomre\documents\opengl_huiswerk\debug\les1.obj
c:\users\tomre\documents\opengl_huiswerk\debug\imgui_widgets.obj
c:\users\tomre\documents\opengl_huiswerk\debug\imgui_tables.obj
c:\users\tomre\documents\opengl_huiswerk\debug\imgui_impl_opengl3.obj
c:\users\tomre\documents\opengl_huiswerk\debug\imgui_impl_glfw.obj
c:\users\tomre\documents\opengl_huiswerk\debug\imgui_draw.obj
c:\users\tomre\documents\opengl_huiswerk\debug\imgui_demo.obj
c:\users\tomre\documents\opengl_huiswerk\debug\imgui.obj
c:\users\tomre\documents\opengl_huiswerk\debug\les5.obj
c:\users\tomre\documents\opengl_huiswerk\debug\finalassignment.obj
c:\users\tomre\documents\opengl_huiswerk\debug\glad.obj
c:\users\tomre\documents\opengl_huiswerk\debug\opengl hku.exe
c:\users\tomre\documents\opengl_huiswerk\debug\opengl hku.ilk
c:\users\tomre\documents\opengl_huiswerk\debug\opengl hku.pdb
c:\users\tomre\documents\opengl_huiswerk\debug\loadshader.obj
c:\users\tomre\documents\opengl_huiswerk\debug\opengl hku.obj
c:\users\tomre\documents\opengl_huiswerk\debug\opengl hku.tlog\cl.command.1.tlog
c:\users\tomre\documents\opengl_huiswerk\debug\opengl hku.tlog\cl.read.1.tlog
c:\users\tomre\documents\opengl_huiswerk\debug\opengl hku.tlog\cl.write.1.tlog
c:\users\tomre\documents\opengl_huiswerk\debug\opengl hku.tlog\link.command.1.tlog
c:\users\tomre\documents\opengl_huiswerk\debug\opengl hku.tlog\link.read.1.tlog
c:\users\tomre\documents\opengl_huiswerk\debug\opengl hku.tlog\link.write.1.tlog
