C:\Program Files (x86)\Microsoft Visual Studio\2019\Community\MSBuild\Microsoft\VC\v160\Microsoft.CppCommon.targets(39,5): warning MSB4211: The property "IntermediateOutputPath" is being set to a value for the first time, but it was already consumed at "C:\Program Files (x86)\Microsoft Visual Studio\2019\Community\MSBuild\Microsoft\VC\v160\Microsoft.CppCommon.targets (38,5)".
C:\Program Files (x86)\Microsoft Visual Studio\2019\Community\MSBuild\Microsoft\VC\v160\Microsoft.BuildSteps.Targets(30,5): warning MSB4211: The property "DebugType" is being set to a value for the first time, but it was already consumed at "C:\Program Files (x86)\Microsoft Visual Studio\2019\Community\MSBuild\Microsoft\VC\v160\Microsoft.BuildSteps.Targets (29,5)".
C:\Program Files (x86)\Microsoft Visual Studio\2019\Community\MSBuild\Current\Bin\Microsoft.Common.CurrentVersion.targets(373,5): warning MSB4211: The property "CleanFile" is being set to a value for the first time, but it was already consumed at "C:\Program Files (x86)\Microsoft Visual Studio\2019\Community\MSBuild\Microsoft\VC\v160\Microsoft.CppCommon.targets (38,5)".
  algebra3.cpp
  arcball.cpp
  glui.cpp
C:\Users\tomre\Documents\OpenGL_Huiswerk\OpenGL Includes\glui\include\GL\glui.h(60,12): fatal error C1083: Cannot open include file: 'GL/glut.h': No such file or directory
  glui_add_controls.cpp
C:\Users\tomre\Documents\OpenGL_Huiswerk\OpenGL Includes\glui\include\GL\glui.h(60,12): fatal error C1083: Cannot open include file: 'GL/glut.h': No such file or directory
  glui_bitmaps.cpp
C:\Users\tomre\Documents\OpenGL_Huiswerk\OpenGL Includes\glui\include\GL\glui.h(60,12): fatal error C1083: Cannot open include file: 'GL/glut.h': No such file or directory
  glui_bitmap_img_data.cpp
  glui_button.cpp
C:\Users\tomre\Documents\OpenGL_Huiswerk\OpenGL Includes\glui\include\GL\glui.h(60,12): fatal error C1083: Cannot open include file: 'GL/glut.h': No such file or directory
  glui_checkbox.cpp
C:\Users\tomre\Documents\OpenGL_Huiswerk\OpenGL Includes\glui\include\GL\glui.h(60,12): fatal error C1083: Cannot open include file: 'GL/glut.h': No such file or directory
  glui_column.cpp
C:\Users\tomre\Documents\OpenGL_Huiswerk\OpenGL Includes\glui\include\GL\glui.h(60,12): fatal error C1083: Cannot open include file: 'GL/glut.h': No such file or directory
  glui_commandline.cpp
C:\Users\tomre\Documents\OpenGL_Huiswerk\OpenGL Includes\glui\include\GL\glui.h(60,12): fatal error C1083: Cannot open include file: 'GL/glut.h': No such file or directory
  glui_control.cpp
C:\Users\tomre\Documents\OpenGL_Huiswerk\OpenGL Includes\glui\include\GL\glui.h(60,12): fatal error C1083: Cannot open include file: 'GL/glut.h': No such file or directory
  glui_edittext.cpp
C:\Users\tomre\Documents\OpenGL_Huiswerk\OpenGL Includes\glui\include\GL\glui.h(60,12): fatal error C1083: Cannot open include file: 'GL/glut.h': No such file or directory
  glui_filebrowser.cpp
C:\Users\tomre\Documents\OpenGL_Huiswerk\OpenGL Includes\glui\include\GL\glui.h(60,12): fatal error C1083: Cannot open include file: 'GL/glut.h': No such file or directory
  glui_list.cpp
C:\Users\tomre\Documents\OpenGL_Huiswerk\OpenGL Includes\glui\include\GL\glui.h(60,12): fatal error C1083: Cannot open include file: 'GL/glut.h': No such file or directory
  glui_listbox.cpp
C:\Users\tomre\Documents\OpenGL_Huiswerk\OpenGL Includes\glui\include\GL\glui.h(60,12): fatal error C1083: Cannot open include file: 'GL/glut.h': No such file or directory
  glui_mouse_iaction.cpp
C:\Users\tomre\Documents\OpenGL_Huiswerk\OpenGL Includes\glui\include\GL\glui.h(60,12): fatal error C1083: Cannot open include file: 'GL/glut.h': No such file or directory
  glui_node.cpp
C:\Users\tomre\Documents\OpenGL_Huiswerk\OpenGL Includes\glui\include\GL\glui.h(60,12): fatal error C1083: Cannot open include file: 'GL/glut.h': No such file or directory
  glui_panel.cpp
C:\Users\tomre\Documents\OpenGL_Huiswerk\OpenGL Includes\glui\include\GL\glui.h(60,12): fatal error C1083: Cannot open include file: 'GL/glut.h': No such file or directory
  glui_radio.cpp
C:\Users\tomre\Documents\OpenGL_Huiswerk\OpenGL Includes\glui\include\GL\glui.h(60,12): fatal error C1083: Cannot open include file: 'GL/glut.h': No such file or directory
  glui_rollout.cpp
C:\Users\tomre\Documents\OpenGL_Huiswerk\OpenGL Includes\glui\include\GL\glui.h(60,12): fatal error C1083: Cannot open include file: 'GL/glut.h': No such file or directory
  Generating Code...
  Compiling...
  glui_rotation.cpp
C:\Users\tomre\Documents\OpenGL_Huiswerk\OpenGL Includes\glui\include\GL\glui.h(60,12): fatal error C1083: Cannot open include file: 'GL/glut.h': No such file or directory
  glui_scrollbar.cpp
C:\Users\tomre\Documents\OpenGL_Huiswerk\OpenGL Includes\glui\include\GL\glui.h(60,12): fatal error C1083: Cannot open include file: 'GL/glut.h': No such file or directory
  glui_separator.cpp
C:\Users\tomre\Documents\OpenGL_Huiswerk\OpenGL Includes\glui\include\GL\glui.h(60,12): fatal error C1083: Cannot open include file: 'GL/glut.h': No such file or directory
  glui_spinner.cpp
C:\Users\tomre\Documents\OpenGL_Huiswerk\OpenGL Includes\glui\include\GL\glui.h(60,12): fatal error C1083: Cannot open include file: 'GL/glut.h': No such file or directory
  glui_statictext.cpp
C:\Users\tomre\Documents\OpenGL_Huiswerk\OpenGL Includes\glui\include\GL\glui.h(60,12): fatal error C1083: Cannot open include file: 'GL/glut.h': No such file or directory
  glui_string.cpp
C:\Users\tomre\Documents\OpenGL_Huiswerk\OpenGL Includes\glui\include\GL\glui.h(60,12): fatal error C1083: Cannot open include file: 'GL/glut.h': No such file or directory
  glui_textbox.cpp
C:\Users\tomre\Documents\OpenGL_Huiswerk\OpenGL Includes\glui\include\GL\glui.h(60,12): fatal error C1083: Cannot open include file: 'GL/glut.h': No such file or directory
  glui_translation.cpp
C:\Users\tomre\Documents\OpenGL_Huiswerk\OpenGL Includes\glui\include\GL\glui.h(60,12): fatal error C1083: Cannot open include file: 'GL/glut.h': No such file or directory
  glui_tree.cpp
C:\Users\tomre\Documents\OpenGL_Huiswerk\OpenGL Includes\glui\include\GL\glui.h(60,12): fatal error C1083: Cannot open include file: 'GL/glut.h': No such file or directory
  glui_treepanel.cpp
C:\Users\tomre\Documents\OpenGL_Huiswerk\OpenGL Includes\glui\include\GL\glui.h(60,12): fatal error C1083: Cannot open include file: 'GL/glut.h': No such file or directory
  glui_window.cpp
C:\Users\tomre\Documents\OpenGL_Huiswerk\OpenGL Includes\glui\include\GL\glui.h(60,12): fatal error C1083: Cannot open include file: 'GL/glut.h': No such file or directory
  quaternion.cpp
  Generating Code...
